<?xml version="1.0" encoding="UTF-8"?>
<testsuite xmlns:xsi="http://www.w3.org/2001/XMLSchema-instance" xsi:noNamespaceSchemaLocation="https://maven.apache.org/surefire/maven-surefire-plugin/xsd/surefire-test-report.xsd" name="hkr.AppTest" time="0.057" tests="1" errors="0" skipped="0" failures="0">
  <properties>
    <property name="awt.toolkit" value="sun.awt.X11.XToolkit"/>
    <property name="java.specification.version" value="11"/>
    <property name="sun.cpu.isalist" value=""/>
    <property name="sun.jnu.encoding" value="UTF-8"/>
    <property name="java.class.path" value="/mnt/c/Users/Halvor/Documents/GitHub/ArmorSetEffects/target/test-classes:/mnt/c/Users/Halvor/Documents/GitHub/ArmorSetEffects/target/classes:/home/hallis21/.m2/repository/org/yaml/snakeyaml/1.24/snakeyaml-1.24.jar:/home/hallis21/.m2/repository/org/apache/commons/commons-lang3/3.4/commons-lang3-3.4.jar:/home/hallis21/.m2/repository/junit/junit/4.11/junit-4.11.jar:/home/hallis21/.m2/repository/org/hamcrest/hamcrest-core/1.3/hamcrest-core-1.3.jar:/home/hallis21/.m2/repository/org/spigotmc/spigot-api/1.14.4-R0.1-SNAPSHOT/spigot-api-1.14.4-R0.1-SNAPSHOT.jar:/home/hallis21/.m2/repository/commons-lang/commons-lang/2.6/commons-lang-2.6.jar:/home/hallis21/.m2/repository/com/google/guava/guava/21.0/guava-21.0.jar:/home/hallis21/.m2/repository/com/google/code/gson/gson/2.8.0/gson-2.8.0.jar:/home/hallis21/.m2/repository/net/md-5/bungeecord-chat/1.13-SNAPSHOT/bungeecord-chat-1.13-SNAPSHOT.jar:"/>
    <property name="java.vm.vendor" value="Private Build"/>
    <property name="sun.arch.data.model" value="64"/>
    <property name="java.vendor.url" value="Unknown"/>
    <property name="user.timezone" value=""/>
    <property name="java.vm.specification.version" value="11"/>
    <property name="os.name" value="Linux"/>
    <property name="sun.java.launcher" value="SUN_STANDARD"/>
    <property name="sun.boot.library.path" value="/usr/lib/jvm/java-11-openjdk-amd64/lib"/>
    <property name="sun.java.command" value="/mnt/c/Users/Halvor/Documents/GitHub/ArmorSetEffects/target/surefire/surefirebooter1518247471454778965.jar /mnt/c/Users/Halvor/Documents/GitHub/ArmorSetEffects/target/surefire 2020-03-10T14-08-00_308-jvmRun1 surefire10158098896438846629tmp surefire_029388847484079673tmp"/>
    <property name="jdk.debug" value="release"/>
    <property name="surefire.test.class.path" value="/mnt/c/Users/Halvor/Documents/GitHub/ArmorSetEffects/target/test-classes:/mnt/c/Users/Halvor/Documents/GitHub/ArmorSetEffects/target/classes:/home/hallis21/.m2/repository/org/yaml/snakeyaml/1.24/snakeyaml-1.24.jar:/home/hallis21/.m2/repository/org/apache/commons/commons-lang3/3.4/commons-lang3-3.4.jar:/home/hallis21/.m2/repository/junit/junit/4.11/junit-4.11.jar:/home/hallis21/.m2/repository/org/hamcrest/hamcrest-core/1.3/hamcrest-core-1.3.jar:/home/hallis21/.m2/repository/org/spigotmc/spigot-api/1.14.4-R0.1-SNAPSHOT/spigot-api-1.14.4-R0.1-SNAPSHOT.jar:/home/hallis21/.m2/repository/commons-lang/commons-lang/2.6/commons-lang-2.6.jar:/home/hallis21/.m2/repository/com/google/guava/guava/21.0/guava-21.0.jar:/home/hallis21/.m2/repository/com/google/code/gson/gson/2.8.0/gson-2.8.0.jar:/home/hallis21/.m2/repository/net/md-5/bungeecord-chat/1.13-SNAPSHOT/bungeecord-chat-1.13-SNAPSHOT.jar:"/>
    <property name="sun.cpu.endian" value="little"/>
    <property name="user.home" value="/home/hallis21"/>
    <property name="user.language" value="en"/>
    <property name="java.specification.vendor" value="Oracle Corporation"/>
    <property name="java.version.date" value="2019-10-15"/>
    <property name="java.home" value="/usr/lib/jvm/java-11-openjdk-amd64"/>
    <property name="file.separator" value="/"/>
    <property name="basedir" value="/mnt/c/Users/Halvor/Documents/GitHub/ArmorSetEffects"/>
    <property name="java.vm.compressedOopsMode" value="32-bit"/>
    <property name="line.separator" value="&#10;"/>
    <property name="java.specification.name" value="Java Platform API Specification"/>
    <property name="java.vm.specification.vendor" value="Oracle Corporation"/>
    <property name="java.awt.graphicsenv" value="sun.awt.X11GraphicsEnvironment"/>
    <property name="surefire.real.class.path" value="/mnt/c/Users/Halvor/Documents/GitHub/ArmorSetEffects/target/surefire/surefirebooter1518247471454778965.jar"/>
    <property name="sun.management.compiler" value="HotSpot 64-Bit Tiered Compilers"/>
    <property name="java.runtime.version" value="11.0.5+10-post-Ubuntu-0ubuntu1.118.04"/>
    <property name="user.name" value="hallis21"/>
    <property name="path.separator" value=":"/>
    <property name="os.version" value="4.4.0-17763-Microsoft"/>
    <property name="java.runtime.name" value="OpenJDK Runtime Environment"/>
    <property name="file.encoding" value="UTF-8"/>
    <property name="java.vm.name" value="OpenJDK 64-Bit Server VM"/>
    <property name="localRepository" value="/home/hallis21/.m2/repository"/>
    <property name="java.vendor.url.bug" value="Unknown"/>
    <property name="java.io.tmpdir" value="/tmp"/>
    <property name="java.version" value="11.0.5"/>
    <property name="user.dir" value="/mnt/c/Users/Halvor/Documents/GitHub/ArmorSetEffects"/>
    <property name="os.arch" value="amd64"/>
    <property name="java.vm.specification.name" value="Java Virtual Machine Specification"/>
    <property name="java.awt.printerjob" value="sun.print.PSPrinterJob"/>
    <property name="sun.os.patch.level" value="unknown"/>
    <property name="java.library.path" value="/usr/java/packages/lib:/usr/lib/x86_64-linux-gnu/jni:/lib/x86_64-linux-gnu:/usr/lib/x86_64-linux-gnu:/usr/lib/jni:/lib:/usr/lib"/>
    <property name="java.vendor" value="Private Build"/>
    <property name="java.vm.info" value="mixed mode, sharing"/>
    <property name="java.vm.version" value="11.0.5+10-post-Ubuntu-0ubuntu1.118.04"/>
    <property name="sun.io.unicode.encoding" value="UnicodeLittle"/>
    <property name="java.class.version" value="55.0"/>
  </properties>
  <testcase name="shouldAnswerWithTrue" classname="hkr.AppTest" time="0.003"/>
</testsuite>